{"name": "test_logout", "status": "broken", "statusDetails": {"message": "TypeError: a bytes-like object is required, not 'method'", "trace": "self = <login_test.TestLogin object at 0x00000223094E2BB0>\n\n    def test_logout(self):\n        try:\n            driver = self.driver\n            homepage = HomePage(driver)\n            homepage.click_logout()\n            x = driver.title\n>           assert  x ==\"My Stor\"\nE           AssertionError: assert 'My Store' == 'My Stor'\nE             - My Stor\nE             + My Store\nE             ?        +\n\ntests\\login_test.py:38: AssertionError\n\nDuring handling of the above exception, another exception occurred:\n\nself = <login_test.TestLogin object at 0x00000223094E2BB0>\n\n    def test_logout(self):\n        try:\n            driver = self.driver\n            homepage = HomePage(driver)\n            homepage.click_logout()\n            x = driver.title\n            assert  x ==\"My Stor\"\n    \n        except AssertionError as error:\n            print(\"Assertion error occurred\")\n            print(error)\n>           allure.attach(self.driver.get_screenshot_as_png, name=\"screenshot\",\n                          attachment_type=allure.attachment_type.PNG)\n\ntests\\login_test.py:43: \n_ _ _ _ _ _ _ _ _ _ _ _ _ _ _ _ _ _ _ _ _ _ _ _ _ _ _ _ _ _ _ _ _ _ _ _ _ _ _ _ _ _ _ _ _ _ _ _ _ _ _ _ _ _ _ _ _ _ _ _ _ _ _ _ _ _ _ _ _ _ _ _ _ _ _ _ _ _ _ _ _ _ _ _ _ _ _ _ _ _ _ _ _ \nvenv\\lib\\site-packages\\allure_commons\\_allure.py:179: in __call__\n    plugin_manager.hook.attach_data(body=body, name=name, attachment_type=attachment_type, extension=extension)\nvenv\\lib\\site-packages\\pluggy\\_hooks.py:265: in __call__\n    return self._hookexec(self.name, self.get_hookimpls(), kwargs, firstresult)\nvenv\\lib\\site-packages\\pluggy\\_manager.py:80: in _hookexec\n    return self._inner_hookexec(hook_name, methods, kwargs, firstresult)\nvenv\\lib\\site-packages\\allure_pytest\\listener.py:222: in attach_data\n    self.allure_logger.attach_data(uuid4(), body, name=name, attachment_type=attachment_type, extension=extension)\nvenv\\lib\\site-packages\\allure_commons\\reporter.py:119: in attach_data\n    plugin_manager.hook.report_attached_data(body=body, file_name=file_name)\nvenv\\lib\\site-packages\\pluggy\\_hooks.py:265: in __call__\n    return self._hookexec(self.name, self.get_hookimpls(), kwargs, firstresult)\nvenv\\lib\\site-packages\\pluggy\\_manager.py:80: in _hookexec\n    return self._inner_hookexec(hook_name, methods, kwargs, firstresult)\n_ _ _ _ _ _ _ _ _ _ _ _ _ _ _ _ _ _ _ _ _ _ _ _ _ _ _ _ _ _ _ _ _ _ _ _ _ _ _ _ _ _ _ _ _ _ _ _ _ _ _ _ _ _ _ _ _ _ _ _ _ _ _ _ _ _ _ _ _ _ _ _ _ _ _ _ _ _ _ _ _ _ _ _ _ _ _ _ _ _ _ _ _ \n\nself = <allure_commons.logger.AllureFileLogger object at 0x000002230918C0A0>\nbody = <bound method WebDriver.get_screenshot_as_png of <selenium.webdriver.chrome.webdriver.WebDriver (session=\"2d1060da50c4a659def5dd9746e00b4f\")>>\nfile_name = '623db1de-7709-4846-8bc8-9ec78aeeb150-attachment.png'\n\n    @hookimpl\n    def report_attached_data(self, body, file_name):\n        destination = os.path.join(self._report_dir, file_name)\n        with open(destination, 'wb') as attached_file:\n            if isinstance(body, text_type):\n                attached_file.write(body.encode('utf-8'))\n            else:\n>               attached_file.write(body)\nE               TypeError: a bytes-like object is required, not 'method'\n\nvenv\\lib\\site-packages\\allure_commons\\logger.py:62: TypeError"}, "attachments": [{"name": "screenshot", "source": "623db1de-7709-4846-8bc8-9ec78aeeb150-attachment.png", "type": "image/png"}, {"name": "stdout", "source": "06da3d71-f115-4115-a492-a814217819f0-attachment.txt", "type": "text/plain"}], "start": 1649852877908, "stop": 1649852884559, "uuid": "d3f35110-4530-41c6-a6f8-187b55f53b62", "historyId": "606d9f046945fff19ea92d7b1a10f16b", "testCaseId": "e89a5a0e9aefe451ee262eba82370b01", "fullName": "tests.login_test.TestLogin#test_logout", "labels": [{"name": "tag", "value": "@pytest.mark.usefixtures('test_setup')"}, {"name": "parentSuite", "value": "tests"}, {"name": "suite", "value": "login_test"}, {"name": "subSuite", "value": "TestLogin"}, {"name": "host", "value": "ARPGL006273"}, {"name": "thread", "value": "15900-MainThread"}, {"name": "framework", "value": "pytest"}, {"name": "language", "value": "cpython3"}, {"name": "package", "value": "tests.login_test"}]}